[2024-05-18T22:06:18.475+0000] {local_task_job_runner.py:120} INFO - ::group::Pre task execution logs
[2024-05-18T22:06:18.488+0000] {taskinstance.py:2073} INFO - Dependencies all met for dep_context=non-requeueable deps ti=<TaskInstance: games.get_matches_step manual__2024-05-18T22:06:14.644163+00:00 [queued]>
[2024-05-18T22:06:18.493+0000] {taskinstance.py:2073} INFO - Dependencies all met for dep_context=requeueable deps ti=<TaskInstance: games.get_matches_step manual__2024-05-18T22:06:14.644163+00:00 [queued]>
[2024-05-18T22:06:18.493+0000] {taskinstance.py:2303} INFO - Starting attempt 1 of 1
[2024-05-18T22:06:18.500+0000] {taskinstance.py:2327} INFO - Executing <Task(PythonOperator): get_matches_step> on 2024-05-18 22:06:14.644163+00:00
[2024-05-18T22:06:18.507+0000] {warnings.py:110} WARNING - /home/***/.local/lib/python3.12/site-packages/***/task/task_runner/standard_task_runner.py:61: DeprecationWarning: This process (pid=78) is multi-threaded, use of fork() may lead to deadlocks in the child.
  pid = os.fork()

[2024-05-18T22:06:18.508+0000] {standard_task_runner.py:63} INFO - Started process 80 to run task
[2024-05-18T22:06:18.508+0000] {standard_task_runner.py:90} INFO - Running: ['***', 'tasks', 'run', 'games', 'get_matches_step', 'manual__2024-05-18T22:06:14.644163+00:00', '--job-id', '485', '--raw', '--subdir', 'DAGS_FOLDER/get_main_games.py', '--cfg-path', '/tmp/tmpyz1nuzpc']
[2024-05-18T22:06:18.509+0000] {standard_task_runner.py:91} INFO - Job 485: Subtask get_matches_step
[2024-05-18T22:06:18.535+0000] {task_command.py:426} INFO - Running <TaskInstance: games.get_matches_step manual__2024-05-18T22:06:14.644163+00:00 [running]> on host 2ae0aa1ff24c
[2024-05-18T22:06:18.588+0000] {taskinstance.py:2644} INFO - Exporting env vars: AIRFLOW_CTX_DAG_OWNER='***' AIRFLOW_CTX_DAG_ID='games' AIRFLOW_CTX_TASK_ID='get_matches_step' AIRFLOW_CTX_EXECUTION_DATE='2024-05-18T22:06:14.644163+00:00' AIRFLOW_CTX_TRY_NUMBER='1' AIRFLOW_CTX_DAG_RUN_ID='manual__2024-05-18T22:06:14.644163+00:00'
[2024-05-18T22:06:18.588+0000] {taskinstance.py:430} INFO - ::endgroup::
[2024-05-18T22:06:18.588+0000] {taskinstance.py:441} INFO - ::group::Post task execution logs
[2024-05-18T22:06:18.589+0000] {taskinstance.py:2890} ERROR - Task failed with exception
Traceback (most recent call last):
  File "/home/airflow/.local/lib/python3.12/site-packages/airflow/models/taskinstance.py", line 465, in _execute_task
    result = _execute_callable(context=context, **execute_callable_kwargs)
             ^^^^^^^^^^^^^^^^^^^^^^^^^^^^^^^^^^^^^^^^^^^^^^^^^^^^^^^^^^^^^
  File "/home/airflow/.local/lib/python3.12/site-packages/airflow/models/taskinstance.py", line 432, in _execute_callable
    return execute_callable(context=context, **execute_callable_kwargs)
           ^^^^^^^^^^^^^^^^^^^^^^^^^^^^^^^^^^^^^^^^^^^^^^^^^^^^^^^^^^^^
  File "/home/airflow/.local/lib/python3.12/site-packages/airflow/models/baseoperator.py", line 400, in wrapper
    return func(self, *args, **kwargs)
           ^^^^^^^^^^^^^^^^^^^^^^^^^^^
  File "/home/airflow/.local/lib/python3.12/site-packages/airflow/operators/python.py", line 235, in execute
    return_value = self.execute_callable()
                   ^^^^^^^^^^^^^^^^^^^^^^^
  File "/home/airflow/.local/lib/python3.12/site-packages/airflow/operators/python.py", line 252, in execute_callable
    return self.python_callable(*self.op_args, **self.op_kwargs)
           ^^^^^^^^^^^^^^^^^^^^^^^^^^^^^^^^^^^^^^^^^^^^^^^^^^^^^
TypeError: get_matches() missing 1 required positional argument: 'season_ids_list'
[2024-05-18T22:06:18.594+0000] {taskinstance.py:1205} INFO - Marking task as FAILED. dag_id=games, task_id=get_matches_step, execution_date=20240518T220614, start_date=20240518T220618, end_date=20240518T220618
[2024-05-18T22:06:18.601+0000] {standard_task_runner.py:110} ERROR - Failed to execute job 485 for task get_matches_step (get_matches() missing 1 required positional argument: 'season_ids_list'; 80)
[2024-05-18T22:06:18.640+0000] {local_task_job_runner.py:240} INFO - Task exited with return code 1
[2024-05-18T22:06:18.657+0000] {taskinstance.py:3482} INFO - 0 downstream tasks scheduled from follow-on schedule check
[2024-05-18T22:06:18.659+0000] {local_task_job_runner.py:222} INFO - ::endgroup::
